<?xml version="1.0" encoding="UTF-8"?>
<testng-results skipped="0" failed="0" ignored="0" total="1" passed="1">
  <reporter-output>
  </reporter-output>
  <suite name="Default suite" duration-ms="10682" started-at="2021-06-23T21:26:27Z" finished-at="2021-06-23T21:26:38Z">
    <groups>
    </groups>
    <test name="Default test" duration-ms="10682" started-at="2021-06-23T21:26:27Z" finished-at="2021-06-23T21:26:38Z">
      <class name="testCases.LoginPageTest">
        <test-method status="PASS" signature="setUp()[pri:0, instance:testCases.LoginPageTest@2bbf180e]" name="setUp" is-config="true" duration-ms="2802" started-at="2021-06-23T21:26:27Z" finished-at="2021-06-23T21:26:30Z">
          <reporter-output>
          </reporter-output>
        </test-method> <!-- setUp -->
        <test-method status="PASS" signature="loginTest()[pri:1, instance:testCases.LoginPageTest@2bbf180e]" name="loginTest" duration-ms="6808" started-at="2021-06-23T21:26:30Z" finished-at="2021-06-23T21:26:37Z">
          <reporter-output>
          </reporter-output>
        </test-method> <!-- loginTest -->
        <test-method status="PASS" signature="tearDown()[pri:0, instance:testCases.LoginPageTest@2bbf180e]" name="tearDown" is-config="true" duration-ms="1046" started-at="2021-06-23T21:26:37Z" finished-at="2021-06-23T21:26:38Z">
          <reporter-output>
          </reporter-output>
        </test-method> <!-- tearDown -->
      </class> <!-- testCases.LoginPageTest -->
    </test> <!-- Default test -->
  </suite> <!-- Default suite -->
</testng-results>
